Arguments: 
  /usr/local/Cellar/node/12.3.1/bin/node /usr/local/Cellar/yarn/1.16.0/libexec/bin/yarn.js add Sucrase Nodemon -D

PATH: 
  /usr/local/bin:/usr/bin:/bin:/usr/sbin:/sbin:/Users/monace/Library/Android/sdk/tools:/Users/monace/Library/Android/sdk/platform-tools:/Users/monace/Library/Android/sdk/tools:/Users/monace/Library/Android/sdk/platform-tools

Yarn version: 
  1.16.0

Node version: 
  12.3.1

Platform: 
  darwin x64

Trace: 
  Error: https://registry.yarnpkg.com/Sucrase: Not found
      at Request.params.callback [as _callback] (/usr/local/Cellar/yarn/1.16.0/libexec/lib/cli.js:66091:18)
      at Request.self.callback (/usr/local/Cellar/yarn/1.16.0/libexec/lib/cli.js:129590:22)
      at Request.emit (events.js:200:13)
      at Request.<anonymous> (/usr/local/Cellar/yarn/1.16.0/libexec/lib/cli.js:130562:10)
      at Request.emit (events.js:200:13)
      at IncomingMessage.<anonymous> (/usr/local/Cellar/yarn/1.16.0/libexec/lib/cli.js:130484:12)
      at Object.onceWrapper (events.js:288:20)
      at IncomingMessage.emit (events.js:205:15)
      at endReadableNT (_stream_readable.js:1137:12)
      at processTicksAndRejections (internal/process/task_queues.js:84:9)

npm manifest: 
  {
    "name": "Meetapp",
    "version": "1.0.0",
    "main": "index.js",
    "license": "MIT"
  }

yarn manifest: 
  No manifest

Lockfile: 
  No lockfile
